2023/10/05 21:04:47 [notice] 1#1: using the "epoll" event method
2023/10/05 21:04:47 [notice] 1#1: nginx/1.23.4
2023/10/05 21:04:47 [notice] 1#1: built by gcc 12.2.1 20220924 (Alpine 12.2.1_git20220924-r4) 
2023/10/05 21:04:47 [notice] 1#1: OS: Linux 5.15.90.1-microsoft-standard-WSL2
2023/10/05 21:04:47 [notice] 1#1: getrlimit(RLIMIT_NOFILE): 1048576:1048576
2023/10/05 21:04:47 [notice] 1#1: start worker processes
2023/10/05 21:04:47 [notice] 1#1: start worker process 29
2023/10/05 21:04:47 [notice] 1#1: start worker process 30
2023/10/05 21:04:47 [notice] 1#1: start worker process 31
2023/10/05 21:04:47 [notice] 1#1: start worker process 32
2023/10/05 21:04:47 [notice] 1#1: start worker process 33
2023/10/05 21:04:47 [notice] 1#1: start worker process 34
2023/10/05 21:04:47 [notice] 1#1: start worker process 35
2023/10/05 21:04:47 [notice] 1#1: start worker process 36
2023/10/05 21:05:55 [notice] 1#1: signal 3 (SIGQUIT) received, shutting down
2023/10/05 21:05:55 [notice] 29#29: gracefully shutting down
2023/10/05 21:05:55 [notice] 31#31: gracefully shutting down
2023/10/05 21:05:55 [notice] 32#32: gracefully shutting down
2023/10/05 21:05:55 [notice] 33#33: gracefully shutting down
2023/10/05 21:05:55 [notice] 30#30: gracefully shutting down
2023/10/05 21:05:55 [notice] 30#30: exiting
2023/10/05 21:05:55 [notice] 34#34: gracefully shutting down
2023/10/05 21:05:55 [notice] 35#35: gracefully shutting down
2023/10/05 21:05:55 [notice] 36#36: gracefully shutting down
2023/10/05 21:05:55 [notice] 29#29: exiting
2023/10/05 21:05:55 [notice] 31#31: exiting
2023/10/05 21:05:55 [notice] 32#32: exiting
2023/10/05 21:05:55 [notice] 33#33: exiting
2023/10/05 21:05:55 [notice] 30#30: exit
2023/10/05 21:05:55 [notice] 34#34: exiting
2023/10/05 21:05:55 [notice] 35#35: exiting
2023/10/05 21:05:55 [notice] 36#36: exiting
2023/10/05 21:05:55 [notice] 29#29: exit
2023/10/05 21:05:55 [notice] 31#31: exit
2023/10/05 21:05:55 [notice] 32#32: exit
2023/10/05 21:05:55 [notice] 33#33: exit
2023/10/05 21:05:55 [notice] 34#34: exit
2023/10/05 21:05:55 [notice] 35#35: exit
2023/10/05 21:05:55 [notice] 36#36: exit
2023/10/05 21:05:55 [notice] 1#1: signal 17 (SIGCHLD) received from 33
2023/10/05 21:05:55 [notice] 1#1: worker process 30 exited with code 0
2023/10/05 21:05:55 [notice] 1#1: worker process 33 exited with code 0
2023/10/05 21:05:55 [notice] 1#1: worker process 34 exited with code 0
2023/10/05 21:05:55 [notice] 1#1: worker process 36 exited with code 0
2023/10/05 21:05:55 [notice] 1#1: signal 29 (SIGIO) received
2023/10/05 21:05:55 [notice] 1#1: signal 17 (SIGCHLD) received from 31
2023/10/05 21:05:55 [notice] 1#1: worker process 31 exited with code 0
2023/10/05 21:05:55 [notice] 1#1: signal 29 (SIGIO) received
2023/10/05 21:05:55 [notice] 1#1: signal 17 (SIGCHLD) received from 32
2023/10/05 21:05:55 [notice] 1#1: worker process 29 exited with code 0
2023/10/05 21:05:55 [notice] 1#1: worker process 32 exited with code 0
2023/10/05 21:05:55 [notice] 1#1: worker process 35 exited with code 0
2023/10/05 21:05:55 [notice] 1#1: exit
2023/10/05 21:06:00 [notice] 1#1: using the "epoll" event method
2023/10/05 21:06:00 [notice] 1#1: nginx/1.23.4
2023/10/05 21:06:00 [notice] 1#1: built by gcc 12.2.1 20220924 (Alpine 12.2.1_git20220924-r4) 
2023/10/05 21:06:00 [notice] 1#1: OS: Linux 5.15.90.1-microsoft-standard-WSL2
2023/10/05 21:06:00 [notice] 1#1: getrlimit(RLIMIT_NOFILE): 1048576:1048576
2023/10/05 21:06:00 [notice] 1#1: start worker processes
2023/10/05 21:06:00 [notice] 1#1: start worker process 29
2023/10/05 21:06:00 [notice] 1#1: start worker process 30
2023/10/05 21:06:00 [notice] 1#1: start worker process 31
2023/10/05 21:06:00 [notice] 1#1: start worker process 32
2023/10/05 21:06:00 [notice] 1#1: start worker process 33
2023/10/05 21:06:00 [notice] 1#1: start worker process 34
2023/10/05 21:06:00 [notice] 1#1: start worker process 35
2023/10/05 21:06:00 [notice] 1#1: start worker process 36
2023/10/05 21:07:26 [notice] 36#36: signal 1 (SIGHUP) received, ignoring
2023/10/05 21:07:26 [notice] 35#35: signal 1 (SIGHUP) received, ignoring
2023/10/05 21:07:50 [notice] 1#1: using the "epoll" event method
2023/10/05 21:07:50 [notice] 1#1: nginx/1.23.4
2023/10/05 21:07:50 [notice] 1#1: built by gcc 12.2.1 20220924 (Alpine 12.2.1_git20220924-r4) 
2023/10/05 21:07:50 [notice] 1#1: OS: Linux 5.15.90.1-microsoft-standard-WSL2
2023/10/05 21:07:50 [notice] 1#1: getrlimit(RLIMIT_NOFILE): 1048576:1048576
2023/10/05 21:07:50 [notice] 1#1: start worker processes
2023/10/05 21:07:50 [notice] 1#1: start worker process 29
2023/10/05 21:07:50 [notice] 1#1: start worker process 30
2023/10/05 21:07:50 [notice] 1#1: start worker process 31
2023/10/05 21:07:50 [notice] 1#1: start worker process 32
2023/10/05 21:07:50 [notice] 1#1: start worker process 33
2023/10/05 21:07:50 [notice] 1#1: start worker process 34
2023/10/05 21:07:50 [notice] 1#1: start worker process 35
2023/10/05 21:07:50 [notice] 1#1: start worker process 36
2023/10/05 22:02:21 [notice] 31#31: signal 15 (SIGTERM) received, exiting
2023/10/05 22:02:21 [notice] 31#31: exiting
2023/10/05 22:02:21 [notice] 33#33: signal 15 (SIGTERM) received, exiting
2023/10/05 22:02:21 [notice] 33#33: exiting
2023/10/05 22:02:21 [notice] 36#36: signal 15 (SIGTERM) received, exiting
2023/10/05 22:02:21 [notice] 36#36: exiting
2023/10/05 22:02:21 [notice] 36#36: exit
2023/10/05 22:02:21 [notice] 30#30: signal 15 (SIGTERM) received, exiting
2023/10/05 22:02:21 [notice] 32#32: signal 15 (SIGTERM) received, exiting
2023/10/05 22:02:21 [notice] 35#35: signal 15 (SIGTERM) received, exiting
2023/10/05 22:02:21 [notice] 31#31: exit
2023/10/05 22:02:21 [notice] 1#1: signal 15 (SIGTERM) received, exiting
2023/10/05 22:02:21 [notice] 1#1: signal 1 (SIGHUP) received, reconfiguring
2023/10/05 22:02:21 [notice] 29#29: signal 15 (SIGTERM) received, exiting
2023/10/05 22:02:21 [notice] 34#34: signal 15 (SIGTERM) received, exiting
2023/10/05 22:02:21 [notice] 33#33: exit
2023/10/05 22:02:21 [notice] 30#30: exiting
2023/10/05 22:02:21 [notice] 32#32: exiting
2023/10/05 22:02:21 [notice] 35#35: exiting
2023/10/05 22:02:21 [notice] 29#29: exiting
2023/10/05 22:02:21 [notice] 34#34: exiting
2023/10/05 22:02:21 [notice] 30#30: exit
2023/10/05 22:02:21 [notice] 32#32: exit
2023/10/05 22:02:21 [notice] 35#35: exit
2023/10/05 22:02:21 [notice] 29#29: exit
2023/10/05 22:02:21 [notice] 34#34: exit
2023/10/05 22:02:21 [notice] 1#1: signal 14 (SIGALRM) received
2023/10/05 22:02:21 [notice] 1#1: signal 17 (SIGCHLD) received from 31
2023/10/05 22:02:21 [notice] 1#1: worker process 31 exited with code 0
2023/10/05 22:02:21 [notice] 1#1: signal 29 (SIGIO) received
2023/10/05 22:02:21 [notice] 1#1: signal 17 (SIGCHLD) received from 33
2023/10/05 22:02:21 [notice] 1#1: worker process 29 exited with code 0
2023/10/05 22:02:21 [notice] 1#1: worker process 30 exited with code 0
2023/10/05 22:02:21 [notice] 1#1: worker process 32 exited with code 0
2023/10/05 22:02:21 [notice] 1#1: worker process 33 exited with code 0
2023/10/05 22:02:21 [notice] 1#1: worker process 34 exited with code 0
2023/10/05 22:02:21 [notice] 1#1: worker process 35 exited with code 0
2023/10/05 22:02:21 [notice] 1#1: worker process 36 exited with code 0
2023/10/05 22:02:22 [notice] 1#1: exit
2023/10/06 00:57:34 [notice] 1#1: using the "epoll" event method
2023/10/06 00:57:34 [notice] 1#1: nginx/1.23.4
2023/10/06 00:57:34 [notice] 1#1: built by gcc 12.2.1 20220924 (Alpine 12.2.1_git20220924-r4) 
2023/10/06 00:57:34 [notice] 1#1: OS: Linux 5.15.90.1-microsoft-standard-WSL2
2023/10/06 00:57:34 [notice] 1#1: getrlimit(RLIMIT_NOFILE): 1048576:1048576
2023/10/06 00:57:34 [notice] 1#1: start worker processes
2023/10/06 00:57:34 [notice] 1#1: start worker process 30
2023/10/06 00:57:34 [notice] 1#1: start worker process 31
2023/10/06 00:57:34 [notice] 1#1: start worker process 32
2023/10/06 00:57:34 [notice] 1#1: start worker process 33
2023/10/06 00:57:34 [notice] 1#1: start worker process 34
2023/10/06 00:57:34 [notice] 1#1: start worker process 35
2023/10/06 00:57:34 [notice] 1#1: start worker process 36
2023/10/06 00:57:34 [notice] 1#1: start worker process 37
2023/10/06 01:24:46 [notice] 37#37: signal 1 (SIGHUP) received, ignoring
2023/10/06 01:24:46 [notice] 34#34: signal 1 (SIGHUP) received, ignoring
2023/10/06 01:24:59 [notice] 1#1: using the "epoll" event method
2023/10/06 01:24:59 [notice] 1#1: nginx/1.23.4
2023/10/06 01:24:59 [notice] 1#1: built by gcc 12.2.1 20220924 (Alpine 12.2.1_git20220924-r4) 
2023/10/06 01:24:59 [notice] 1#1: OS: Linux 5.15.90.1-microsoft-standard-WSL2
2023/10/06 01:24:59 [notice] 1#1: getrlimit(RLIMIT_NOFILE): 1048576:1048576
2023/10/06 01:24:59 [notice] 1#1: start worker processes
2023/10/06 01:24:59 [notice] 1#1: start worker process 29
2023/10/06 01:24:59 [notice] 1#1: start worker process 30
2023/10/06 01:24:59 [notice] 1#1: start worker process 31
2023/10/06 01:24:59 [notice] 1#1: start worker process 32
2023/10/06 01:24:59 [notice] 1#1: start worker process 33
2023/10/06 01:24:59 [notice] 1#1: start worker process 34
2023/10/06 01:24:59 [notice] 1#1: start worker process 35
2023/10/06 01:24:59 [notice] 1#1: start worker process 36
2023/10/06 01:29:15 [notice] 36#36: signal 1 (SIGHUP) received, ignoring
2023/10/06 01:32:39 [notice] 1#1: using the "epoll" event method
2023/10/06 01:32:39 [notice] 1#1: nginx/1.23.4
2023/10/06 01:32:39 [notice] 1#1: built by gcc 12.2.1 20220924 (Alpine 12.2.1_git20220924-r4) 
2023/10/06 01:32:39 [notice] 1#1: OS: Linux 5.15.90.1-microsoft-standard-WSL2
2023/10/06 01:32:39 [notice] 1#1: getrlimit(RLIMIT_NOFILE): 1048576:1048576
2023/10/06 01:32:39 [notice] 1#1: start worker processes
2023/10/06 01:32:39 [notice] 1#1: start worker process 29
2023/10/06 01:32:39 [notice] 1#1: start worker process 30
2023/10/06 01:32:39 [notice] 1#1: start worker process 31
2023/10/06 01:32:39 [notice] 1#1: start worker process 32
2023/10/06 01:32:39 [notice] 1#1: start worker process 33
2023/10/06 01:32:39 [notice] 1#1: start worker process 34
2023/10/06 01:32:39 [notice] 1#1: start worker process 35
2023/10/06 01:32:39 [notice] 1#1: start worker process 36
2023/10/06 01:42:28 [notice] 36#36: signal 1 (SIGHUP) received, ignoring
2023/10/06 01:42:28 [notice] 34#34: signal 1 (SIGHUP) received, ignoring
2023/10/06 01:42:28 [notice] 35#35: signal 1 (SIGHUP) received, ignoring
2023/10/06 01:42:38 [notice] 1#1: using the "epoll" event method
2023/10/06 01:42:38 [notice] 1#1: nginx/1.23.4
2023/10/06 01:42:38 [notice] 1#1: built by gcc 12.2.1 20220924 (Alpine 12.2.1_git20220924-r4) 
2023/10/06 01:42:38 [notice] 1#1: OS: Linux 5.15.90.1-microsoft-standard-WSL2
2023/10/06 01:42:38 [notice] 1#1: getrlimit(RLIMIT_NOFILE): 1048576:1048576
2023/10/06 01:42:38 [notice] 1#1: start worker processes
2023/10/06 01:42:38 [notice] 1#1: start worker process 29
2023/10/06 01:42:38 [notice] 1#1: start worker process 30
2023/10/06 01:42:38 [notice] 1#1: start worker process 31
2023/10/06 01:42:38 [notice] 1#1: start worker process 32
2023/10/06 01:42:38 [notice] 1#1: start worker process 33
2023/10/06 01:42:38 [notice] 1#1: start worker process 34
2023/10/06 01:42:38 [notice] 1#1: start worker process 35
2023/10/06 01:42:38 [notice] 1#1: start worker process 36
2023/10/06 01:44:42 [notice] 1#1: using the "epoll" event method
2023/10/06 01:44:42 [notice] 1#1: nginx/1.23.4
2023/10/06 01:44:42 [notice] 1#1: built by gcc 12.2.1 20220924 (Alpine 12.2.1_git20220924-r4) 
2023/10/06 01:44:42 [notice] 1#1: OS: Linux 5.15.90.1-microsoft-standard-WSL2
2023/10/06 01:44:42 [notice] 1#1: getrlimit(RLIMIT_NOFILE): 1048576:1048576
2023/10/06 01:44:42 [notice] 1#1: start worker processes
2023/10/06 01:44:42 [notice] 1#1: start worker process 29
2023/10/06 01:44:42 [notice] 1#1: start worker process 30
2023/10/06 01:44:42 [notice] 1#1: start worker process 31
2023/10/06 01:44:42 [notice] 1#1: start worker process 32
2023/10/06 01:44:42 [notice] 1#1: start worker process 33
2023/10/06 01:44:42 [notice] 1#1: start worker process 34
2023/10/06 01:44:42 [notice] 1#1: start worker process 35
2023/10/06 01:44:42 [notice] 1#1: start worker process 36
2023/10/06 01:50:16 [notice] 1#1: using the "epoll" event method
2023/10/06 01:50:16 [notice] 1#1: nginx/1.23.4
2023/10/06 01:50:16 [notice] 1#1: built by gcc 12.2.1 20220924 (Alpine 12.2.1_git20220924-r4) 
2023/10/06 01:50:16 [notice] 1#1: OS: Linux 5.15.90.1-microsoft-standard-WSL2
2023/10/06 01:50:16 [notice] 1#1: getrlimit(RLIMIT_NOFILE): 1048576:1048576
2023/10/06 01:50:16 [notice] 1#1: start worker processes
2023/10/06 01:50:16 [notice] 1#1: start worker process 29
2023/10/06 01:50:16 [notice] 1#1: start worker process 30
2023/10/06 01:50:16 [notice] 1#1: start worker process 31
2023/10/06 01:50:16 [notice] 1#1: start worker process 32
2023/10/06 01:50:16 [notice] 1#1: start worker process 33
2023/10/06 01:50:16 [notice] 1#1: start worker process 34
2023/10/06 01:50:16 [notice] 1#1: start worker process 35
2023/10/06 01:50:16 [notice] 1#1: start worker process 36
2023/10/06 01:51:31 [notice] 34#34: signal 1 (SIGHUP) received, ignoring
2023/10/06 01:51:31 [notice] 36#36: signal 1 (SIGHUP) received, ignoring
2023/10/06 01:51:31 [notice] 35#35: signal 1 (SIGHUP) received, ignoring
2023/10/06 01:51:39 [notice] 1#1: using the "epoll" event method
2023/10/06 01:51:39 [notice] 1#1: nginx/1.23.4
2023/10/06 01:51:39 [notice] 1#1: built by gcc 12.2.1 20220924 (Alpine 12.2.1_git20220924-r4) 
2023/10/06 01:51:39 [notice] 1#1: OS: Linux 5.15.90.1-microsoft-standard-WSL2
2023/10/06 01:51:39 [notice] 1#1: getrlimit(RLIMIT_NOFILE): 1048576:1048576
2023/10/06 01:51:39 [notice] 1#1: start worker processes
2023/10/06 01:51:39 [notice] 1#1: start worker process 29
2023/10/06 01:51:39 [notice] 1#1: start worker process 30
2023/10/06 01:51:39 [notice] 1#1: start worker process 31
2023/10/06 01:51:39 [notice] 1#1: start worker process 32
2023/10/06 01:51:39 [notice] 1#1: start worker process 33
2023/10/06 01:51:39 [notice] 1#1: start worker process 34
2023/10/06 01:51:39 [notice] 1#1: start worker process 35
2023/10/06 01:51:39 [notice] 1#1: start worker process 36
2023/10/06 02:23:47 [notice] 1#1: using the "epoll" event method
2023/10/06 02:23:47 [notice] 1#1: nginx/1.23.4
2023/10/06 02:23:47 [notice] 1#1: built by gcc 12.2.1 20220924 (Alpine 12.2.1_git20220924-r4) 
2023/10/06 02:23:47 [notice] 1#1: OS: Linux 5.15.90.1-microsoft-standard-WSL2
2023/10/06 02:23:47 [notice] 1#1: getrlimit(RLIMIT_NOFILE): 1048576:1048576
2023/10/06 02:23:47 [notice] 1#1: start worker processes
2023/10/06 02:23:47 [notice] 1#1: start worker process 29
2023/10/06 02:23:47 [notice] 1#1: start worker process 30
2023/10/06 02:23:47 [notice] 1#1: start worker process 31
2023/10/06 02:23:47 [notice] 1#1: start worker process 32
2023/10/06 02:23:47 [notice] 1#1: start worker process 33
2023/10/06 02:23:47 [notice] 1#1: start worker process 34
2023/10/06 02:23:47 [notice] 1#1: start worker process 35
2023/10/06 02:23:47 [notice] 1#1: start worker process 36
2023/10/06 04:00:51 [notice] 1#1: using the "epoll" event method
2023/10/06 04:00:51 [notice] 1#1: nginx/1.23.4
2023/10/06 04:00:51 [notice] 1#1: built by gcc 12.2.1 20220924 (Alpine 12.2.1_git20220924-r4) 
2023/10/06 04:00:51 [notice] 1#1: OS: Linux 5.15.90.1-microsoft-standard-WSL2
2023/10/06 04:00:51 [notice] 1#1: getrlimit(RLIMIT_NOFILE): 1048576:1048576
2023/10/06 04:00:51 [notice] 1#1: start worker processes
2023/10/06 04:00:51 [notice] 1#1: start worker process 29
2023/10/06 04:00:51 [notice] 1#1: start worker process 30
2023/10/06 04:00:51 [notice] 1#1: start worker process 31
2023/10/06 04:00:51 [notice] 1#1: start worker process 32
2023/10/06 04:00:51 [notice] 1#1: start worker process 33
2023/10/06 04:00:51 [notice] 1#1: start worker process 34
2023/10/06 04:00:51 [notice] 1#1: start worker process 35
2023/10/06 04:00:51 [notice] 1#1: start worker process 36
2023/10/06 04:29:06 [notice] 36#36: signal 1 (SIGHUP) received, ignoring
2023/10/06 04:29:06 [notice] 34#34: signal 1 (SIGHUP) received, ignoring
2023/10/06 04:29:17 [notice] 1#1: using the "epoll" event method
2023/10/06 04:29:17 [notice] 1#1: nginx/1.23.4
2023/10/06 04:29:17 [notice] 1#1: built by gcc 12.2.1 20220924 (Alpine 12.2.1_git20220924-r4) 
2023/10/06 04:29:17 [notice] 1#1: OS: Linux 5.15.90.1-microsoft-standard-WSL2
2023/10/06 04:29:17 [notice] 1#1: getrlimit(RLIMIT_NOFILE): 1048576:1048576
2023/10/06 04:29:17 [notice] 1#1: start worker processes
2023/10/06 04:29:17 [notice] 1#1: start worker process 29
2023/10/06 04:29:17 [notice] 1#1: start worker process 30
2023/10/06 04:29:17 [notice] 1#1: start worker process 31
2023/10/06 04:29:17 [notice] 1#1: start worker process 32
2023/10/06 04:29:17 [notice] 1#1: start worker process 33
2023/10/06 04:29:17 [notice] 1#1: start worker process 34
2023/10/06 04:29:17 [notice] 1#1: start worker process 35
2023/10/06 04:29:17 [notice] 1#1: start worker process 36
2023/10/06 04:32:04 [notice] 35#35: signal 1 (SIGHUP) received, ignoring
2023/10/06 04:32:04 [notice] 36#36: signal 1 (SIGHUP) received, ignoring
2023/10/06 04:32:04 [notice] 34#34: signal 1 (SIGHUP) received, ignoring
2023/10/06 04:33:44 [notice] 1#1: using the "epoll" event method
2023/10/06 04:33:44 [notice] 1#1: nginx/1.23.4
2023/10/06 04:33:44 [notice] 1#1: built by gcc 12.2.1 20220924 (Alpine 12.2.1_git20220924-r4) 
2023/10/06 04:33:44 [notice] 1#1: OS: Linux 5.15.90.1-microsoft-standard-WSL2
2023/10/06 04:33:44 [notice] 1#1: getrlimit(RLIMIT_NOFILE): 1048576:1048576
2023/10/06 04:33:44 [notice] 1#1: start worker processes
2023/10/06 04:33:44 [notice] 1#1: start worker process 29
2023/10/06 04:33:44 [notice] 1#1: start worker process 30
2023/10/06 04:33:44 [notice] 1#1: start worker process 31
2023/10/06 04:33:44 [notice] 1#1: start worker process 32
2023/10/06 04:33:44 [notice] 1#1: start worker process 33
2023/10/06 04:33:44 [notice] 1#1: start worker process 34
2023/10/06 04:33:44 [notice] 1#1: start worker process 35
2023/10/06 04:33:44 [notice] 1#1: start worker process 36
2023/10/06 12:41:58 [notice] 1#1: using the "epoll" event method
2023/10/06 12:41:58 [notice] 1#1: nginx/1.25.2
2023/10/06 12:41:58 [notice] 1#1: built by gcc 12.2.1 20220924 (Alpine 12.2.1_git20220924-r10) 
2023/10/06 12:41:58 [notice] 1#1: OS: Linux 6.4.16-linuxkit
2023/10/06 12:41:58 [notice] 1#1: getrlimit(RLIMIT_NOFILE): 1048576:1048576
2023/10/06 12:41:58 [notice] 1#1: start worker processes
2023/10/06 12:41:58 [notice] 1#1: start worker process 29
2023/10/06 12:41:58 [notice] 1#1: start worker process 30
2023/10/06 12:41:58 [notice] 1#1: start worker process 31
2023/10/06 12:41:58 [notice] 1#1: start worker process 32
2023/10/06 12:41:58 [notice] 1#1: start worker process 33
2023/10/06 12:41:58 [notice] 1#1: start worker process 34
2023/10/06 12:41:58 [notice] 1#1: start worker process 35
2023/10/06 12:41:58 [notice] 1#1: start worker process 36
2023/10/07 14:30:56 [notice] 1#1: using the "epoll" event method
2023/10/07 14:30:56 [notice] 1#1: nginx/1.25.2
2023/10/07 14:30:56 [notice] 1#1: built by gcc 12.2.1 20220924 (Alpine 12.2.1_git20220924-r10) 
2023/10/07 14:30:56 [notice] 1#1: OS: Linux 6.4.16-linuxkit
2023/10/07 14:30:56 [notice] 1#1: getrlimit(RLIMIT_NOFILE): 1048576:1048576
2023/10/07 14:30:56 [notice] 1#1: start worker processes
2023/10/07 14:30:56 [notice] 1#1: start worker process 29
2023/10/07 14:30:56 [notice] 1#1: start worker process 30
2023/10/07 14:30:56 [notice] 1#1: start worker process 31
2023/10/07 14:30:56 [notice] 1#1: start worker process 32
2023/10/07 14:30:56 [notice] 1#1: start worker process 33
2023/10/07 14:30:56 [notice] 1#1: start worker process 34
2023/10/07 14:30:56 [notice] 1#1: start worker process 35
2023/10/07 14:30:56 [notice] 1#1: start worker process 36
2023/10/07 14:33:24 [notice] 36#36: signal 1 (SIGHUP) received, ignoring
2023/10/07 21:32:14 [notice] 1#1: using the "epoll" event method
2023/10/07 21:32:14 [notice] 1#1: nginx/1.25.2
2023/10/07 21:32:14 [notice] 1#1: built by gcc 12.2.1 20220924 (Alpine 12.2.1_git20220924-r10) 
2023/10/07 21:32:14 [notice] 1#1: OS: Linux 6.4.16-linuxkit
2023/10/07 21:32:14 [notice] 1#1: getrlimit(RLIMIT_NOFILE): 1048576:1048576
2023/10/07 21:32:14 [notice] 1#1: start worker processes
2023/10/07 21:32:14 [notice] 1#1: start worker process 29
2023/10/07 21:32:14 [notice] 1#1: start worker process 30
2023/10/07 21:32:14 [notice] 1#1: start worker process 31
2023/10/07 21:32:14 [notice] 1#1: start worker process 32
2023/10/07 21:32:14 [notice] 1#1: start worker process 33
2023/10/07 21:32:14 [notice] 1#1: start worker process 34
2023/10/07 21:32:14 [notice] 1#1: start worker process 35
2023/10/07 21:32:14 [notice] 1#1: start worker process 36
2023/10/10 02:19:19 [notice] 1#1: using the "epoll" event method
2023/10/10 02:19:19 [notice] 1#1: nginx/1.25.2
2023/10/10 02:19:19 [notice] 1#1: built by gcc 12.2.1 20220924 (Alpine 12.2.1_git20220924-r10) 
2023/10/10 02:19:19 [notice] 1#1: OS: Linux 6.4.16-linuxkit
2023/10/10 02:19:19 [notice] 1#1: getrlimit(RLIMIT_NOFILE): 1048576:1048576
2023/10/10 02:19:19 [notice] 1#1: start worker processes
2023/10/10 02:19:19 [notice] 1#1: start worker process 28
2023/10/10 02:19:19 [notice] 1#1: start worker process 29
2023/10/10 02:19:19 [notice] 1#1: start worker process 30
2023/10/10 02:19:19 [notice] 1#1: start worker process 31
2023/10/10 02:19:19 [notice] 1#1: start worker process 32
2023/10/10 02:19:19 [notice] 1#1: start worker process 33
2023/10/10 02:19:19 [notice] 1#1: start worker process 34
2023/10/10 02:19:19 [notice] 1#1: start worker process 35
2023/10/10 15:48:33 [notice] 1#1: using the "epoll" event method
2023/10/10 15:48:33 [notice] 1#1: nginx/1.25.2
2023/10/10 15:48:33 [notice] 1#1: built by gcc 12.2.1 20220924 (Alpine 12.2.1_git20220924-r10) 
2023/10/10 15:48:33 [notice] 1#1: OS: Linux 6.4.16-linuxkit
2023/10/10 15:48:33 [notice] 1#1: getrlimit(RLIMIT_NOFILE): 1048576:1048576
2023/10/10 15:48:33 [notice] 1#1: start worker processes
2023/10/10 15:48:33 [notice] 1#1: start worker process 29
2023/10/10 15:48:33 [notice] 1#1: start worker process 30
2023/10/10 15:48:33 [notice] 1#1: start worker process 31
2023/10/10 15:48:33 [notice] 1#1: start worker process 32
2023/10/10 15:48:33 [notice] 1#1: start worker process 33
2023/10/10 15:48:33 [notice] 1#1: start worker process 34
2023/10/10 15:48:33 [notice] 1#1: start worker process 35
2023/10/10 15:48:33 [notice] 1#1: start worker process 36
2023/10/10 15:49:24 [notice] 34#34: signal 1 (SIGHUP) received, ignoring
2023/10/11 02:11:13 [notice] 1#1: using the "epoll" event method
2023/10/11 02:11:13 [notice] 1#1: nginx/1.25.2
2023/10/11 02:11:13 [notice] 1#1: built by gcc 12.2.1 20220924 (Alpine 12.2.1_git20220924-r10) 
2023/10/11 02:11:13 [notice] 1#1: OS: Linux 6.4.16-linuxkit
2023/10/11 02:11:13 [notice] 1#1: getrlimit(RLIMIT_NOFILE): 1048576:1048576
2023/10/11 02:11:13 [notice] 1#1: start worker processes
2023/10/11 02:11:13 [notice] 1#1: start worker process 29
2023/10/11 02:11:13 [notice] 1#1: start worker process 30
2023/10/11 02:11:13 [notice] 1#1: start worker process 31
2023/10/11 02:11:13 [notice] 1#1: start worker process 32
2023/10/11 02:11:13 [notice] 1#1: start worker process 33
2023/10/11 02:11:13 [notice] 1#1: start worker process 34
2023/10/11 02:11:13 [notice] 1#1: start worker process 35
2023/10/11 02:11:13 [notice] 1#1: start worker process 36
2023/10/11 12:31:45 [notice] 1#1: using the "epoll" event method
2023/10/11 12:31:45 [notice] 1#1: nginx/1.25.2
2023/10/11 12:31:45 [notice] 1#1: built by gcc 12.2.1 20220924 (Alpine 12.2.1_git20220924-r10) 
2023/10/11 12:31:45 [notice] 1#1: OS: Linux 6.4.16-linuxkit
2023/10/11 12:31:45 [notice] 1#1: getrlimit(RLIMIT_NOFILE): 1048576:1048576
2023/10/11 12:31:45 [notice] 1#1: start worker processes
2023/10/11 12:31:45 [notice] 1#1: start worker process 29
2023/10/11 12:31:45 [notice] 1#1: start worker process 30
2023/10/11 12:31:45 [notice] 1#1: start worker process 31
2023/10/11 12:31:45 [notice] 1#1: start worker process 32
2023/10/11 12:31:45 [notice] 1#1: start worker process 33
2023/10/11 12:31:45 [notice] 1#1: start worker process 34
2023/10/11 12:31:45 [notice] 1#1: start worker process 35
2023/10/11 12:31:45 [notice] 1#1: start worker process 36
2023/10/11 14:07:53 [notice] 36#36: signal 1 (SIGHUP) received, ignoring
2023/10/11 15:24:46 [notice] 1#1: using the "epoll" event method
2023/10/11 15:24:46 [notice] 1#1: nginx/1.25.2
2023/10/11 15:24:46 [notice] 1#1: built by gcc 12.2.1 20220924 (Alpine 12.2.1_git20220924-r10) 
2023/10/11 15:24:46 [notice] 1#1: OS: Linux 6.4.16-linuxkit
2023/10/11 15:24:46 [notice] 1#1: getrlimit(RLIMIT_NOFILE): 1048576:1048576
2023/10/11 15:24:46 [notice] 1#1: start worker processes
2023/10/11 15:24:46 [notice] 1#1: start worker process 29
2023/10/11 15:24:46 [notice] 1#1: start worker process 30
2023/10/11 15:24:46 [notice] 1#1: start worker process 31
2023/10/11 15:24:46 [notice] 1#1: start worker process 32
2023/10/11 15:24:46 [notice] 1#1: start worker process 33
2023/10/11 15:24:46 [notice] 1#1: start worker process 34
2023/10/11 15:24:46 [notice] 1#1: start worker process 35
2023/10/11 15:24:46 [notice] 1#1: start worker process 36
2023/10/12 14:51:35 [notice] 1#1: using the "epoll" event method
2023/10/12 14:51:35 [notice] 1#1: nginx/1.25.2
2023/10/12 14:51:35 [notice] 1#1: built by gcc 12.2.1 20220924 (Alpine 12.2.1_git20220924-r10) 
2023/10/12 14:51:35 [notice] 1#1: OS: Linux 6.4.16-linuxkit
2023/10/12 14:51:35 [notice] 1#1: getrlimit(RLIMIT_NOFILE): 1048576:1048576
2023/10/12 14:51:35 [notice] 1#1: start worker processes
2023/10/12 14:51:35 [notice] 1#1: start worker process 29
2023/10/12 14:51:35 [notice] 1#1: start worker process 30
2023/10/12 14:51:35 [notice] 1#1: start worker process 31
2023/10/12 14:51:35 [notice] 1#1: start worker process 32
2023/10/12 14:51:35 [notice] 1#1: start worker process 33
2023/10/12 14:51:35 [notice] 1#1: start worker process 34
2023/10/12 14:51:35 [notice] 1#1: start worker process 35
2023/10/12 14:51:35 [notice] 1#1: start worker process 36
2023/10/12 20:36:21 [notice] 1#1: using the "epoll" event method
2023/10/12 20:36:21 [notice] 1#1: nginx/1.25.2
2023/10/12 20:36:21 [notice] 1#1: built by gcc 12.2.1 20220924 (Alpine 12.2.1_git20220924-r10) 
2023/10/12 20:36:21 [notice] 1#1: OS: Linux 6.4.16-linuxkit
2023/10/12 20:36:21 [notice] 1#1: getrlimit(RLIMIT_NOFILE): 1048576:1048576
2023/10/12 20:36:21 [notice] 1#1: start worker processes
2023/10/12 20:36:21 [notice] 1#1: start worker process 29
2023/10/12 20:36:21 [notice] 1#1: start worker process 30
2023/10/12 20:36:21 [notice] 1#1: start worker process 31
2023/10/12 20:36:21 [notice] 1#1: start worker process 32
2023/10/12 20:36:21 [notice] 1#1: start worker process 33
2023/10/12 20:36:21 [notice] 1#1: start worker process 34
2023/10/12 20:36:21 [notice] 1#1: start worker process 35
2023/10/12 20:36:21 [notice] 1#1: start worker process 36
2023/10/13 03:20:13 [notice] 1#1: using the "epoll" event method
2023/10/13 03:20:13 [notice] 1#1: nginx/1.25.2
2023/10/13 03:20:13 [notice] 1#1: built by gcc 12.2.1 20220924 (Alpine 12.2.1_git20220924-r10) 
2023/10/13 03:20:13 [notice] 1#1: OS: Linux 6.4.16-linuxkit
2023/10/13 03:20:13 [notice] 1#1: getrlimit(RLIMIT_NOFILE): 1048576:1048576
2023/10/13 03:20:13 [notice] 1#1: start worker processes
2023/10/13 03:20:13 [notice] 1#1: start worker process 29
2023/10/13 03:20:13 [notice] 1#1: start worker process 30
2023/10/13 03:20:13 [notice] 1#1: start worker process 31
2023/10/13 03:20:13 [notice] 1#1: start worker process 32
2023/10/13 03:20:13 [notice] 1#1: start worker process 33
2023/10/13 03:20:13 [notice] 1#1: start worker process 34
2023/10/13 03:20:13 [notice] 1#1: start worker process 35
2023/10/13 03:20:13 [notice] 1#1: start worker process 36
2023/10/14 02:37:57 [notice] 1#1: using the "epoll" event method
2023/10/14 02:37:57 [notice] 1#1: nginx/1.25.2
2023/10/14 02:37:57 [notice] 1#1: built by gcc 12.2.1 20220924 (Alpine 12.2.1_git20220924-r10) 
2023/10/14 02:37:57 [notice] 1#1: OS: Linux 6.4.16-linuxkit
2023/10/14 02:37:57 [notice] 1#1: getrlimit(RLIMIT_NOFILE): 1048576:1048576
2023/10/14 02:37:57 [notice] 1#1: start worker processes
2023/10/14 02:37:57 [notice] 1#1: start worker process 29
2023/10/14 02:37:57 [notice] 1#1: start worker process 30
2023/10/14 02:37:57 [notice] 1#1: start worker process 31
2023/10/14 02:37:57 [notice] 1#1: start worker process 32
2023/10/14 02:37:57 [notice] 1#1: start worker process 33
2023/10/14 02:37:57 [notice] 1#1: start worker process 34
2023/10/14 02:37:57 [notice] 1#1: start worker process 35
2023/10/14 02:37:57 [notice] 1#1: start worker process 36
2023/10/14 20:35:53 [notice] 1#1: using the "epoll" event method
2023/10/14 20:35:53 [notice] 1#1: nginx/1.25.2
2023/10/14 20:35:53 [notice] 1#1: built by gcc 12.2.1 20220924 (Alpine 12.2.1_git20220924-r10) 
2023/10/14 20:35:53 [notice] 1#1: OS: Linux 6.4.16-linuxkit
2023/10/14 20:35:53 [notice] 1#1: getrlimit(RLIMIT_NOFILE): 1048576:1048576
2023/10/14 20:35:53 [notice] 1#1: start worker processes
2023/10/14 20:35:53 [notice] 1#1: start worker process 29
2023/10/14 20:35:53 [notice] 1#1: start worker process 30
2023/10/14 20:35:53 [notice] 1#1: start worker process 31
2023/10/14 20:35:53 [notice] 1#1: start worker process 32
2023/10/14 20:35:53 [notice] 1#1: start worker process 33
2023/10/14 20:35:53 [notice] 1#1: start worker process 34
2023/10/14 20:35:53 [notice] 1#1: start worker process 35
2023/10/14 20:35:53 [notice] 1#1: start worker process 36
2023/10/14 20:56:46 [notice] 36#36: signal 1 (SIGHUP) received, ignoring
2023/10/18 04:23:53 [notice] 1#1: using the "epoll" event method
2023/10/18 04:23:53 [notice] 1#1: nginx/1.25.2
2023/10/18 04:23:53 [notice] 1#1: built by gcc 12.2.1 20220924 (Alpine 12.2.1_git20220924-r10) 
2023/10/18 04:23:53 [notice] 1#1: OS: Linux 6.4.16-linuxkit
2023/10/18 04:23:53 [notice] 1#1: getrlimit(RLIMIT_NOFILE): 1048576:1048576
2023/10/18 04:23:53 [notice] 1#1: start worker processes
2023/10/18 04:23:53 [notice] 1#1: start worker process 29
2023/10/18 04:23:53 [notice] 1#1: start worker process 30
2023/10/18 04:23:53 [notice] 1#1: start worker process 31
2023/10/18 04:23:53 [notice] 1#1: start worker process 32
2023/10/18 04:23:53 [notice] 1#1: start worker process 33
2023/10/18 04:23:53 [notice] 1#1: start worker process 34
2023/10/18 04:23:53 [notice] 1#1: start worker process 35
2023/10/18 04:23:53 [notice] 1#1: start worker process 36
2023/10/18 14:37:06 [notice] 36#36: signal 1 (SIGHUP) received, ignoring
2023/10/18 14:37:06 [notice] 33#33: signal 1 (SIGHUP) received, ignoring
2023/10/18 19:55:17 [notice] 1#1: using the "epoll" event method
2023/10/18 19:55:17 [notice] 1#1: nginx/1.25.2
2023/10/18 19:55:17 [notice] 1#1: built by gcc 12.2.1 20220924 (Alpine 12.2.1_git20220924-r10) 
2023/10/18 19:55:17 [notice] 1#1: OS: Linux 6.4.16-linuxkit
2023/10/18 19:55:17 [notice] 1#1: getrlimit(RLIMIT_NOFILE): 1048576:1048576
2023/10/18 19:55:17 [notice] 1#1: start worker processes
2023/10/18 19:55:17 [notice] 1#1: start worker process 30
2023/10/18 19:55:17 [notice] 1#1: start worker process 31
2023/10/18 19:55:17 [notice] 1#1: start worker process 32
2023/10/18 19:55:17 [notice] 1#1: start worker process 33
2023/10/18 19:55:17 [notice] 1#1: start worker process 34
2023/10/18 19:55:17 [notice] 1#1: start worker process 35
2023/10/18 19:55:17 [notice] 1#1: start worker process 36
2023/10/18 19:55:17 [notice] 1#1: start worker process 37
2023/10/19 02:02:13 [notice] 1#1: using the "epoll" event method
2023/10/19 02:02:13 [notice] 1#1: nginx/1.25.2
2023/10/19 02:02:13 [notice] 1#1: built by gcc 12.2.1 20220924 (Alpine 12.2.1_git20220924-r10) 
2023/10/19 02:02:13 [notice] 1#1: OS: Linux 6.4.16-linuxkit
2023/10/19 02:02:13 [notice] 1#1: getrlimit(RLIMIT_NOFILE): 1048576:1048576
2023/10/19 02:02:13 [notice] 1#1: start worker processes
2023/10/19 02:02:13 [notice] 1#1: start worker process 29
2023/10/19 02:02:13 [notice] 1#1: start worker process 30
2023/10/19 02:02:13 [notice] 1#1: start worker process 31
2023/10/19 02:02:13 [notice] 1#1: start worker process 32
2023/10/19 02:02:13 [notice] 1#1: start worker process 33
2023/10/19 02:02:13 [notice] 1#1: start worker process 34
2023/10/19 02:02:13 [notice] 1#1: start worker process 35
2023/10/19 02:02:13 [notice] 1#1: start worker process 36
2023/10/19 13:43:36 [notice] 1#1: using the "epoll" event method
2023/10/19 13:43:36 [notice] 1#1: nginx/1.25.2
2023/10/19 13:43:36 [notice] 1#1: built by gcc 12.2.1 20220924 (Alpine 12.2.1_git20220924-r10) 
2023/10/19 13:43:36 [notice] 1#1: OS: Linux 6.4.16-linuxkit
2023/10/19 13:43:36 [notice] 1#1: getrlimit(RLIMIT_NOFILE): 1048576:1048576
2023/10/19 13:43:36 [notice] 1#1: start worker processes
2023/10/19 13:43:36 [notice] 1#1: start worker process 29
2023/10/19 13:43:36 [notice] 1#1: start worker process 30
2023/10/19 13:43:36 [notice] 1#1: start worker process 31
2023/10/19 13:43:36 [notice] 1#1: start worker process 32
2023/10/19 13:43:36 [notice] 1#1: start worker process 33
2023/10/19 13:43:36 [notice] 1#1: start worker process 34
2023/10/19 13:43:36 [notice] 1#1: start worker process 35
2023/10/19 13:43:36 [notice] 1#1: start worker process 36
2023/10/20 01:52:53 [notice] 1#1: using the "epoll" event method
2023/10/20 01:52:53 [notice] 1#1: nginx/1.25.2
2023/10/20 01:52:53 [notice] 1#1: built by gcc 12.2.1 20220924 (Alpine 12.2.1_git20220924-r10) 
2023/10/20 01:52:53 [notice] 1#1: OS: Linux 6.4.16-linuxkit
2023/10/20 01:52:53 [notice] 1#1: getrlimit(RLIMIT_NOFILE): 1048576:1048576
2023/10/20 01:52:53 [notice] 1#1: start worker processes
2023/10/20 01:52:53 [notice] 1#1: start worker process 29
2023/10/20 01:52:53 [notice] 1#1: start worker process 30
2023/10/20 01:52:53 [notice] 1#1: start worker process 31
2023/10/20 01:52:53 [notice] 1#1: start worker process 32
2023/10/20 01:52:53 [notice] 1#1: start worker process 33
2023/10/20 01:52:53 [notice] 1#1: start worker process 34
2023/10/20 01:52:53 [notice] 1#1: start worker process 35
2023/10/20 01:52:53 [notice] 1#1: start worker process 36
2023/10/21 01:36:34 [notice] 1#1: using the "epoll" event method
2023/10/21 01:36:34 [notice] 1#1: nginx/1.25.2
2023/10/21 01:36:34 [notice] 1#1: built by gcc 12.2.1 20220924 (Alpine 12.2.1_git20220924-r10) 
2023/10/21 01:36:34 [notice] 1#1: OS: Linux 6.4.16-linuxkit
2023/10/21 01:36:34 [notice] 1#1: getrlimit(RLIMIT_NOFILE): 1048576:1048576
2023/10/21 01:36:34 [notice] 1#1: start worker processes
2023/10/21 01:36:34 [notice] 1#1: start worker process 28
2023/10/21 01:36:34 [notice] 1#1: start worker process 29
2023/10/21 01:36:34 [notice] 1#1: start worker process 30
2023/10/21 01:36:34 [notice] 1#1: start worker process 31
2023/10/21 01:36:34 [notice] 1#1: start worker process 32
2023/10/21 01:36:34 [notice] 1#1: start worker process 33
2023/10/21 01:36:34 [notice] 1#1: start worker process 34
2023/10/21 01:36:34 [notice] 1#1: start worker process 35
2023/10/22 06:05:51 [notice] 1#1: using the "epoll" event method
2023/10/22 06:05:51 [notice] 1#1: nginx/1.25.2
2023/10/22 06:05:51 [notice] 1#1: built by gcc 12.2.1 20220924 (Alpine 12.2.1_git20220924-r10) 
2023/10/22 06:05:51 [notice] 1#1: OS: Linux 6.4.16-linuxkit
2023/10/22 06:05:51 [notice] 1#1: getrlimit(RLIMIT_NOFILE): 1048576:1048576
2023/10/22 06:05:51 [notice] 1#1: start worker processes
2023/10/22 06:05:51 [notice] 1#1: start worker process 29
2023/10/22 06:05:51 [notice] 1#1: start worker process 30
2023/10/22 06:05:51 [notice] 1#1: start worker process 31
2023/10/22 06:05:51 [notice] 1#1: start worker process 32
2023/10/22 06:05:51 [notice] 1#1: start worker process 33
2023/10/22 06:05:51 [notice] 1#1: start worker process 34
2023/10/22 06:05:51 [notice] 1#1: start worker process 35
2023/10/22 06:05:51 [notice] 1#1: start worker process 36
2023/10/24 01:18:34 [notice] 1#1: using the "epoll" event method
2023/10/24 01:18:34 [notice] 1#1: nginx/1.25.2
2023/10/24 01:18:34 [notice] 1#1: built by gcc 12.2.1 20220924 (Alpine 12.2.1_git20220924-r10) 
2023/10/24 01:18:34 [notice] 1#1: OS: Linux 6.4.16-linuxkit
2023/10/24 01:18:34 [notice] 1#1: getrlimit(RLIMIT_NOFILE): 1048576:1048576
2023/10/24 01:18:34 [notice] 1#1: start worker processes
2023/10/24 01:18:34 [notice] 1#1: start worker process 28
2023/10/24 01:18:34 [notice] 1#1: start worker process 29
2023/10/24 01:18:34 [notice] 1#1: start worker process 30
2023/10/24 01:18:34 [notice] 1#1: start worker process 31
2023/10/24 01:18:34 [notice] 1#1: start worker process 32
2023/10/24 01:18:34 [notice] 1#1: start worker process 33
2023/10/24 01:18:34 [notice] 1#1: start worker process 34
2023/10/24 01:18:34 [notice] 1#1: start worker process 35
2023/10/25 15:05:40 [notice] 1#1: using the "epoll" event method
2023/10/25 15:05:40 [notice] 1#1: nginx/1.25.2
2023/10/25 15:05:40 [notice] 1#1: built by gcc 12.2.1 20220924 (Alpine 12.2.1_git20220924-r10) 
2023/10/25 15:05:40 [notice] 1#1: OS: Linux 6.4.16-linuxkit
2023/10/25 15:05:40 [notice] 1#1: getrlimit(RLIMIT_NOFILE): 1048576:1048576
2023/10/25 15:05:40 [notice] 1#1: start worker processes
2023/10/25 15:05:40 [notice] 1#1: start worker process 29
2023/10/25 15:05:40 [notice] 1#1: start worker process 30
2023/10/25 15:05:40 [notice] 1#1: start worker process 31
2023/10/25 15:05:40 [notice] 1#1: start worker process 32
2023/10/25 15:05:40 [notice] 1#1: start worker process 33
2023/10/25 15:05:40 [notice] 1#1: start worker process 34
2023/10/25 15:05:40 [notice] 1#1: start worker process 35
2023/10/25 15:05:40 [notice] 1#1: start worker process 36
2023/10/25 15:09:08 [notice] 1#1: using the "epoll" event method
2023/10/25 15:09:08 [notice] 1#1: nginx/1.25.2
2023/10/25 15:09:08 [notice] 1#1: built by gcc 12.2.1 20220924 (Alpine 12.2.1_git20220924-r10) 
2023/10/25 15:09:08 [notice] 1#1: OS: Linux 6.4.16-linuxkit
2023/10/25 15:09:08 [notice] 1#1: getrlimit(RLIMIT_NOFILE): 1048576:1048576
2023/10/25 15:09:08 [notice] 1#1: start worker processes
2023/10/25 15:09:08 [notice] 1#1: start worker process 29
2023/10/25 15:09:08 [notice] 1#1: start worker process 30
2023/10/25 15:09:08 [notice] 1#1: start worker process 31
2023/10/25 15:09:08 [notice] 1#1: start worker process 32
2023/10/25 15:09:08 [notice] 1#1: start worker process 33
2023/10/25 15:09:08 [notice] 1#1: start worker process 34
2023/10/25 15:09:08 [notice] 1#1: start worker process 35
2023/10/25 15:09:08 [notice] 1#1: start worker process 36
2023/10/25 15:09:43 [notice] 1#1: using the "epoll" event method
2023/10/25 15:09:43 [notice] 1#1: nginx/1.25.2
2023/10/25 15:09:43 [notice] 1#1: built by gcc 12.2.1 20220924 (Alpine 12.2.1_git20220924-r10) 
2023/10/25 15:09:43 [notice] 1#1: OS: Linux 6.4.16-linuxkit
2023/10/25 15:09:43 [notice] 1#1: getrlimit(RLIMIT_NOFILE): 1048576:1048576
2023/10/25 15:09:43 [notice] 1#1: start worker processes
2023/10/25 15:09:43 [notice] 1#1: start worker process 29
2023/10/25 15:09:43 [notice] 1#1: start worker process 30
2023/10/25 15:09:43 [notice] 1#1: start worker process 31
2023/10/25 15:09:43 [notice] 1#1: start worker process 32
2023/10/25 15:09:43 [notice] 1#1: start worker process 33
2023/10/25 15:09:43 [notice] 1#1: start worker process 34
2023/10/25 15:09:43 [notice] 1#1: start worker process 35
2023/10/25 15:09:43 [notice] 1#1: start worker process 36
2023/10/25 15:10:13 [notice] 1#1: using the "epoll" event method
2023/10/25 15:10:13 [notice] 1#1: nginx/1.25.2
2023/10/25 15:10:13 [notice] 1#1: built by gcc 12.2.1 20220924 (Alpine 12.2.1_git20220924-r10) 
2023/10/25 15:10:13 [notice] 1#1: OS: Linux 6.4.16-linuxkit
2023/10/25 15:10:13 [notice] 1#1: getrlimit(RLIMIT_NOFILE): 1048576:1048576
2023/10/25 15:10:13 [notice] 1#1: start worker processes
2023/10/25 15:10:13 [notice] 1#1: start worker process 29
2023/10/25 15:10:13 [notice] 1#1: start worker process 30
2023/10/25 15:10:13 [notice] 1#1: start worker process 31
2023/10/25 15:10:13 [notice] 1#1: start worker process 32
2023/10/25 15:10:13 [notice] 1#1: start worker process 33
2023/10/25 15:10:13 [notice] 1#1: start worker process 34
2023/10/25 15:10:13 [notice] 1#1: start worker process 35
2023/10/25 15:10:13 [notice] 1#1: start worker process 36
2023/10/25 15:12:52 [notice] 1#1: using the "epoll" event method
2023/10/25 15:12:52 [notice] 1#1: nginx/1.25.2
2023/10/25 15:12:52 [notice] 1#1: built by gcc 12.2.1 20220924 (Alpine 12.2.1_git20220924-r10) 
2023/10/25 15:12:52 [notice] 1#1: OS: Linux 6.4.16-linuxkit
2023/10/25 15:12:52 [notice] 1#1: getrlimit(RLIMIT_NOFILE): 1048576:1048576
2023/10/25 15:12:52 [notice] 1#1: start worker processes
2023/10/25 15:12:52 [notice] 1#1: start worker process 29
2023/10/25 15:12:52 [notice] 1#1: start worker process 30
2023/10/25 15:12:52 [notice] 1#1: start worker process 31
2023/10/25 15:12:52 [notice] 1#1: start worker process 32
2023/10/25 15:13:34 [notice] 1#1: using the "epoll" event method
2023/10/25 15:13:34 [notice] 1#1: nginx/1.25.2
2023/10/25 15:13:34 [notice] 1#1: built by gcc 12.2.1 20220924 (Alpine 12.2.1_git20220924-r10) 
2023/10/25 15:13:34 [notice] 1#1: OS: Linux 6.4.16-linuxkit
2023/10/25 15:13:34 [notice] 1#1: getrlimit(RLIMIT_NOFILE): 1048576:1048576
2023/10/25 15:13:34 [notice] 1#1: start worker processes
2023/10/25 15:13:34 [notice] 1#1: start worker process 29
2023/10/25 15:13:34 [notice] 1#1: start worker process 30
2023/10/25 15:13:34 [notice] 1#1: start worker process 31
2023/10/25 15:13:34 [notice] 1#1: start worker process 32
2023/10/25 15:14:26 [notice] 1#1: using the "epoll" event method
2023/10/25 15:14:26 [notice] 1#1: nginx/1.25.2
2023/10/25 15:14:26 [notice] 1#1: built by gcc 12.2.1 20220924 (Alpine 12.2.1_git20220924-r10) 
2023/10/25 15:14:26 [notice] 1#1: OS: Linux 6.4.16-linuxkit
2023/10/25 15:14:26 [notice] 1#1: getrlimit(RLIMIT_NOFILE): 1048576:1048576
2023/10/25 15:14:26 [notice] 1#1: start worker processes
2023/10/25 15:14:26 [notice] 1#1: start worker process 29
2023/10/25 15:14:26 [notice] 1#1: start worker process 30
2023/10/25 15:14:26 [notice] 1#1: start worker process 31
2023/10/25 15:14:26 [notice] 1#1: start worker process 32
2023/10/25 15:17:08 [notice] 31#31: signal 1 (SIGHUP) received, ignoring
2023/10/25 15:17:21 [notice] 1#1: using the "epoll" event method
2023/10/25 15:17:21 [notice] 1#1: nginx/1.25.2
2023/10/25 15:17:21 [notice] 1#1: built by gcc 12.2.1 20220924 (Alpine 12.2.1_git20220924-r10) 
2023/10/25 15:17:21 [notice] 1#1: OS: Linux 6.4.16-linuxkit
2023/10/25 15:17:21 [notice] 1#1: getrlimit(RLIMIT_NOFILE): 1048576:1048576
2023/10/25 15:17:21 [notice] 1#1: start worker processes
2023/10/25 15:17:21 [notice] 1#1: start worker process 29
2023/10/25 15:17:21 [notice] 1#1: start worker process 30
2023/10/25 15:17:21 [notice] 1#1: start worker process 31
2023/10/25 15:17:21 [notice] 1#1: start worker process 32
2023/10/25 15:23:13 [notice] 1#1: using the "epoll" event method
2023/10/25 15:23:13 [notice] 1#1: nginx/1.25.2
2023/10/25 15:23:13 [notice] 1#1: built by gcc 12.2.1 20220924 (Alpine 12.2.1_git20220924-r10) 
2023/10/25 15:23:13 [notice] 1#1: OS: Linux 6.4.16-linuxkit
2023/10/25 15:23:13 [notice] 1#1: getrlimit(RLIMIT_NOFILE): 1048576:1048576
2023/10/25 15:23:13 [notice] 1#1: start worker processes
2023/10/25 15:23:13 [notice] 1#1: start worker process 29
2023/10/25 15:23:13 [notice] 1#1: start worker process 30
2023/10/25 15:23:13 [notice] 1#1: start worker process 31
2023/10/25 15:23:13 [notice] 1#1: start worker process 32
2023/10/25 15:23:13 [notice] 1#1: start worker process 33
2023/10/25 15:23:13 [notice] 1#1: start worker process 34
2023/10/25 15:23:13 [notice] 1#1: start worker process 35
2023/10/25 15:23:13 [notice] 1#1: start worker process 36
2023/10/25 15:23:30 [notice] 1#1: using the "epoll" event method
2023/10/25 15:23:30 [notice] 1#1: nginx/1.25.2
2023/10/25 15:23:30 [notice] 1#1: built by gcc 12.2.1 20220924 (Alpine 12.2.1_git20220924-r10) 
2023/10/25 15:23:30 [notice] 1#1: OS: Linux 6.4.16-linuxkit
2023/10/25 15:23:30 [notice] 1#1: getrlimit(RLIMIT_NOFILE): 1048576:1048576
2023/10/25 15:23:30 [notice] 1#1: start worker processes
2023/10/25 15:23:30 [notice] 1#1: start worker process 29
2023/10/25 15:23:30 [notice] 1#1: start worker process 30
2023/10/25 15:23:30 [notice] 1#1: start worker process 31
2023/10/25 15:23:30 [notice] 1#1: start worker process 32
2023/10/25 15:23:30 [notice] 1#1: start worker process 33
2023/10/25 15:23:30 [notice] 1#1: start worker process 34
2023/10/25 15:23:30 [notice] 1#1: start worker process 35
2023/10/25 15:23:30 [notice] 1#1: start worker process 36
2023/10/25 15:24:06 [notice] 1#1: using the "epoll" event method
2023/10/25 15:24:06 [notice] 1#1: nginx/1.25.2
2023/10/25 15:24:06 [notice] 1#1: built by gcc 12.2.1 20220924 (Alpine 12.2.1_git20220924-r10) 
2023/10/25 15:24:06 [notice] 1#1: OS: Linux 6.4.16-linuxkit
2023/10/25 15:24:06 [notice] 1#1: getrlimit(RLIMIT_NOFILE): 1048576:1048576
2023/10/25 15:24:06 [notice] 1#1: start worker processes
2023/10/25 15:24:06 [notice] 1#1: start worker process 28
2023/10/25 15:24:06 [notice] 1#1: start worker process 29
2023/10/25 15:24:15 [notice] 1#1: using the "epoll" event method
2023/10/25 15:24:15 [notice] 1#1: nginx/1.25.2
2023/10/25 15:24:15 [notice] 1#1: built by gcc 12.2.1 20220924 (Alpine 12.2.1_git20220924-r10) 
2023/10/25 15:24:15 [notice] 1#1: OS: Linux 6.4.16-linuxkit
2023/10/25 15:24:15 [notice] 1#1: getrlimit(RLIMIT_NOFILE): 1048576:1048576
2023/10/25 15:24:15 [notice] 1#1: start worker processes
2023/10/25 15:24:15 [notice] 1#1: start worker process 28
2023/10/25 15:24:15 [notice] 1#1: start worker process 29
2023/10/26 02:38:41 [notice] 1#1: using the "epoll" event method
2023/10/26 02:38:41 [notice] 1#1: nginx/1.25.2
2023/10/26 02:38:41 [notice] 1#1: built by gcc 12.2.1 20220924 (Alpine 12.2.1_git20220924-r10) 
2023/10/26 02:38:41 [notice] 1#1: OS: Linux 6.4.16-linuxkit
2023/10/26 02:38:41 [notice] 1#1: getrlimit(RLIMIT_NOFILE): 1048576:1048576
2023/10/26 02:38:41 [notice] 1#1: start worker processes
2023/10/26 02:38:41 [notice] 1#1: start worker process 28
2023/10/26 02:38:41 [notice] 1#1: start worker process 29
2023/10/26 02:46:29 [notice] 1#1: using the "epoll" event method
2023/10/26 02:46:29 [notice] 1#1: nginx/1.25.2
2023/10/26 02:46:29 [notice] 1#1: built by gcc 12.2.1 20220924 (Alpine 12.2.1_git20220924-r10) 
2023/10/26 02:46:29 [notice] 1#1: OS: Linux 6.4.16-linuxkit
2023/10/26 02:46:29 [notice] 1#1: getrlimit(RLIMIT_NOFILE): 1048576:1048576
2023/10/26 02:46:29 [notice] 1#1: start worker processes
2023/10/26 02:46:29 [notice] 1#1: start worker process 29
2023/10/26 02:46:29 [notice] 1#1: start worker process 30
2023/10/26 23:00:35 [notice] 1#1: using the "epoll" event method
2023/10/26 23:00:35 [notice] 1#1: nginx/1.25.2
2023/10/26 23:00:35 [notice] 1#1: built by gcc 12.2.1 20220924 (Alpine 12.2.1_git20220924-r10) 
2023/10/26 23:00:35 [notice] 1#1: OS: Linux 6.4.16-linuxkit
2023/10/26 23:00:35 [notice] 1#1: getrlimit(RLIMIT_NOFILE): 1048576:1048576
2023/10/26 23:00:35 [notice] 1#1: start worker processes
2023/10/26 23:00:35 [notice] 1#1: start worker process 29
2023/10/26 23:00:35 [notice] 1#1: start worker process 30
2023/10/28 01:27:31 [notice] 1#1: using the "epoll" event method
2023/10/28 01:27:31 [notice] 1#1: nginx/1.25.2
2023/10/28 01:27:31 [notice] 1#1: built by gcc 12.2.1 20220924 (Alpine 12.2.1_git20220924-r10) 
2023/10/28 01:27:31 [notice] 1#1: OS: Linux 6.4.16-linuxkit
2023/10/28 01:27:31 [notice] 1#1: getrlimit(RLIMIT_NOFILE): 1048576:1048576
2023/10/28 01:27:31 [notice] 1#1: start worker processes
2023/10/28 01:27:31 [notice] 1#1: start worker process 29
2023/10/28 01:27:31 [notice] 1#1: start worker process 30
2023/10/29 21:19:04 [notice] 1#1: using the "epoll" event method
2023/10/29 21:19:04 [notice] 1#1: nginx/1.25.2
2023/10/29 21:19:04 [notice] 1#1: built by gcc 12.2.1 20220924 (Alpine 12.2.1_git20220924-r10) 
2023/10/29 21:19:04 [notice] 1#1: OS: Linux 6.4.16-linuxkit
2023/10/29 21:19:04 [notice] 1#1: getrlimit(RLIMIT_NOFILE): 1048576:1048576
2023/10/29 21:19:04 [notice] 1#1: start worker processes
2023/10/29 21:19:04 [notice] 1#1: start worker process 29
2023/10/29 21:19:04 [notice] 1#1: start worker process 30
2023/12/07 20:12:58 [notice] 1#1: using the "epoll" event method
2023/12/07 20:12:58 [notice] 1#1: nginx/1.25.3
2023/12/07 20:12:58 [notice] 1#1: built by gcc 12.2.1 20220924 (Alpine 12.2.1_git20220924-r10) 
2023/12/07 20:12:58 [notice] 1#1: OS: Linux 5.15.133.1-microsoft-standard-WSL2
2023/12/07 20:12:58 [notice] 1#1: getrlimit(RLIMIT_NOFILE): 1048576:1048576
2023/12/07 20:12:58 [notice] 1#1: start worker processes
2023/12/07 20:12:58 [notice] 1#1: start worker process 29
2023/12/07 20:12:58 [notice] 1#1: start worker process 30
2023/12/07 20:12:58 [notice] 1#1: start worker process 31
2023/12/07 20:12:58 [notice] 1#1: start worker process 32
2023/12/07 20:12:58 [notice] 1#1: start worker process 33
2023/12/07 20:12:58 [notice] 1#1: start worker process 34
2023/12/07 20:12:58 [notice] 1#1: start worker process 35
2023/12/07 20:12:58 [notice] 1#1: start worker process 36
